<?xml version="1.0" encoding="UTF-8" ?>
<testsuite tests="2" failures="1" name="Jenkins_Application.Jenkins_Application.AppTest" time="0.007" errors="0" skipped="0">
  <properties>
[...]
</properties>
  <testcase classname="Jenkins_Application.Jenkins_Application.AppTest" name="testApp1" time="0.007">
    <failure type="junit.framework.AssertionFailedError">junit.framework.AssertionFailedError
	at junit.framework.Assert.fail(Assert.java:47)
	at junit.framework.Assert.assertTrue(Assert.java:20)
	at junit.framework.Assert.assertTrue(Assert.java:27)
	at Jenkins_Application.Jenkins_Application.AppTest.testApp1(AppTest.java:41)
</failure>
  </testcase>
  <testcase classname="Jenkins_Application.Jenkins_Application.AppTest" name="testApp" time="0"/>
</testsuite>